<?xml version="1.0" encoding="UTF-8"?>
<testsuite xmlns:xsi="http://www.w3.org/2001/XMLSchema-instance" xsi:noNamespaceSchemaLocation="https://maven.apache.org/surefire/maven-surefire-plugin/xsd/surefire-test-report-3.0.xsd" version="3.0" name="TestSuite" time="106.017" tests="11" errors="0" skipped="0" failures="1">
  <properties>
[...]
</properties>
  <testcase name="createCourier" classname="tests.courierService.CreateCourier" time="1.594"/>
  <testcase name="updateCourier" classname="tests.courierService.UpdateCourier" time="4.81"/>
  <testcase name="checkLogin" classname="tests.courierService.CourierLogin" time="6.638"/>
  <testcase name="confirmLogin" classname="tests.courierService.CourierLogin" time="1.429"/>
  <testcase name="getAllCouriers" classname="tests.courierService.GetAllCouriers" time="1.694"/>
  <testcase name="getCourier" classname="tests.courierService.GetCourier" time="3.995"/>
  <testcase name="getCourierByPhone" classname="tests.courierService.SearchByPhone" time="5.009"/>
  <testcase name="getCourierBranchesIds" classname="tests.courierService.GetAllCourierBranchIds" time="2.866"/>
  <testcase name="blockCourier" classname="tests.courierService.BlockingCourier" time="3.915"/>
  <testcase name="unblockCourier" classname="tests.courierService.UnblockingCourier" time="6.351"/>
  <testcase name="deleteCourier" classname="tests.courierService.DeleteCourier" time="9.59">
    <failure message="1 expectation failed.&#10;Expected status code &lt;404&gt; but was &lt;200&gt;.&#10;" type="java.lang.AssertionError"><![CDATA[java.lang.AssertionError: 
1 expectation failed.
Expected status code <404> but was <200>.

	at tests.courierService.DeleteCourier.deleteCourier(DeleteCourier.java:21)
]]></failure>
    <system-out><![CDATA[HTTP/1.1 200 OK
Server: nginx/1.10.3 (Ubuntu)
Date: Mon, 08 Jun 2020 13:19:40 GMT
Content-Type: application/json; charset=utf-8
Content-Length: 20
Connection: keep-alive

{
    "answer": "success"
}
]]></system-out>
  </testcase>
</testsuite>