<?xml version="1.0" encoding="UTF-8"?>
<!-- Generated by org.testng.reporters.JUnitXMLReporter -->
<testsuite hostname="jay.local" ignored="0" name="/Users/jakhongirruziev/workspace/DeleverAPITest/src/test/java/tests/courierService" tests="11" failures="1" timestamp="2020-06-08T18:19:48 UZT" time="50.522" errors="0">
  <testcase name="createCourier" time="1.594" classname="tests.courierService.CreateCourier"/>
  <testcase name="updateCourier" time="4.809" classname="tests.courierService.UpdateCourier"/>
  <testcase name="checkLogin" time="6.637" classname="tests.courierService.CourierLogin"/>
  <testcase name="confirmLogin" time="1.428" classname="tests.courierService.CourierLogin"/>
  <testcase name="getAllCouriers" time="1.694" classname="tests.courierService.GetAllCouriers"/>
  <testcase name="getCourier" time="3.995" classname="tests.courierService.GetCourier"/>
  <testcase name="getCourierByPhone" time="5.009" classname="tests.courierService.SearchByPhone"/>
  <testcase name="getCourierBranchesIds" time="2.865" classname="tests.courierService.GetAllCourierBranchIds"/>
  <testcase name="blockCourier" time="3.916" classname="tests.courierService.BlockingCourier"/>
  <testcase name="unblockCourier" time="6.35" classname="tests.courierService.UnblockingCourier"/>
  <testcase name="deleteCourier" time="9.584" classname="tests.courierService.DeleteCourier">
    <failure type="java.lang.AssertionError" message="1 expectation failed.
Expected status code &amp;lt;404&amp;gt; but was &amp;lt;200&amp;gt;.
">
      <![CDATA[java.lang.AssertionError: 1 expectation failed.
Expected status code <404> but was <200>.

at org.codehaus.groovy.runtime.callsite.ConstructorSite$ConstructorSiteNoUnwrap.callConstructor(ConstructorSite.java:84)
at org.codehaus.groovy.runtime.callsite.CallSiteArray.defaultCallConstructor(CallSiteArray.java:59)
at org.codehaus.groovy.runtime.callsite.AbstractCallSite.callConstructor(AbstractCallSite.java:263)
at org.codehaus.groovy.runtime.callsite.AbstractCallSite.callConstructor(AbstractCallSite.java:277)
at io.restassured.internal.ResponseSpecificationImpl$HamcrestAssertionClosure.validate(ResponseSpecificationImpl.groovy:493)
at io.restassured.internal.ResponseSpecificationImpl$HamcrestAssertionClosure$validate$1.call(Unknown Source)
at io.restassured.internal.ResponseSpecificationImpl.validateResponseIfRequired(ResponseSpecificationImpl.groovy:674)
at org.codehaus.groovy.runtime.callsite.PlainObjectMetaMethodSite.doInvoke(PlainObjectMetaMethodSite.java:43)
at org.codehaus.groovy.runtime.callsite.PogoMetaMethodSite$PogoCachedMethodSiteNoUnwrapNoCoerce.invoke(PogoMetaMethodSite.java:193)
at org.codehaus.groovy.runtime.callsite.PogoMetaMethodSite.callCurrent(PogoMetaMethodSite.java:61)
at org.codehaus.groovy.runtime.callsite.AbstractCallSite.callCurrent(AbstractCallSite.java:185)
at io.restassured.internal.ResponseSpecificationImpl.statusCode(ResponseSpecificationImpl.groovy:126)
at io.restassured.specification.ResponseSpecification$statusCode$1.callCurrent(Unknown Source)
at io.restassured.internal.ResponseSpecificationImpl.statusCode(ResponseSpecificationImpl.groovy:134)
at io.restassured.internal.ValidatableResponseOptionsImpl.statusCode(ValidatableResponseOptionsImpl.java:89)
at io.restassured.internal.ValidatableResponseImpl.super$2$statusCode(ValidatableResponseImpl.groovy)
at groovy.lang.MetaMethod.doMethodInvoke(MetaMethod.java:323)
at groovy.lang.MetaClassImpl.invokeMethod(MetaClassImpl.java:1262)
at org.codehaus.groovy.runtime.ScriptBytecodeAdapter.invokeMethodOnSuperN(ScriptBytecodeAdapter.java:144)
at io.restassured.internal.ValidatableResponseImpl.statusCode(ValidatableResponseImpl.groovy:142)
at io.restassured.internal.ValidatableResponseImpl.statusCode(ValidatableResponseImpl.groovy)
at tests.courierService.DeleteCourier.deleteCourier(DeleteCourier.java:21)
at java.util.ArrayList.forEach(ArrayList.java:1257)
... Removed 44 stack frames]]>
    </failure>
  </testcase> <!-- deleteCourier -->
</testsuite> <!-- /Users/jakhongirruziev/workspace/DeleverAPITest/src/test/java/tests/courierService -->
